<?xml version="1.0" encoding="UTF-8"?>
<!-- Generated by org.testng.reporters.JUnitXMLReporter -->
<testsuite ignored="0" hostname="PL-NBW-0358" failures="1" tests="9" name="Surefire test" time="3.813" errors="0" timestamp="2024-01-18T10:28:00 CET">
  <testcase classname="com.coherent.aqa.java.training.api.matveenko.TokenTests" name="getUsersTest" time="1.228"/>
  <testcase classname="com.coherent.aqa.java.training.api.matveenko.TokenTests" name="getZipCodes" time="0.057"/>
  <testcase classname="com.coherent.aqa.java.training.api.matveenko.TokenTests" name="postZipCodes" time="0.072"/>
  <testcase classname="com.coherent.aqa.java.training.api.matveenko.TokenTests" name="uploadUsers" time="0.483"/>
  <testcase classname="com.coherent.aqa.java.training.api.matveenko.TokenTests" name="createUserWithAvailableZipCode" time="0.074"/>
  <testcase classname="com.coherent.aqa.java.training.api.matveenko.TokenTests" name="deleteUser" time="0.088"/>
  <testcase classname="com.coherent.aqa.java.training.api.matveenko.TokenTests" name="getReadTokenTest" time="0.027"/>
  <testcase classname="com.coherent.aqa.java.training.api.matveenko.TokenTests" name="getWriteTokenTest" time="0.028"/>
  <testcase classname="com.coherent.aqa.java.training.api.matveenko.TokenTests" name="updateUsersTest" time="0.063">
    <failure type="java.lang.AssertionError" message="Users are not updated expected [200] but found [400]">
      <![CDATA[java.lang.AssertionError: Users are not updated expected [200] but found [400]
at com.coherent.aqa.java.training.api.matveenko.base.UserHttpClient.executeUpdateUserRequest(UserHttpClient.java:114)
at com.coherent.aqa.java.training.api.matveenko.TokenTests.updateUsersTest(TokenTests.java:189)
at java.base/java.util.ArrayList.forEach(ArrayList.java:1541)
... Removed 38 stack frames]]>
    </failure>
  </testcase> <!-- updateUsersTest -->
</testsuite> <!-- Surefire test -->
