<?xml version="1.0" encoding="UTF-8"?>
<!-- Generated by org.testng.reporters.JUnitXMLReporter -->
<testsuite ignored="0" hostname="PL-NBW-0358" failures="1" tests="18" name="Surefire test" time="5.88" errors="0" timestamp="2024-02-19T10:53:47 CET">
  <testcase classname="com.coherent.aqa.java.training.api.matveenko.RestAssuredTests" name="getUsersTest" time="4.052"/>
  <testcase classname="com.coherent.aqa.java.training.api.matveenko.RestAssuredTests" name="getWriteTokenTest" time="0.045"/>
  <testcase classname="com.coherent.aqa.java.training.api.matveenko.RestAssuredTests" name="postZipCodes" time="0.104"/>
  <testcase classname="com.coherent.aqa.java.training.api.matveenko.RestAssuredTests" name="getReadTokenTest" time="0.031"/>
  <testcase classname="com.coherent.aqa.java.training.api.matveenko.RestAssuredTests" name="getZipCodes" time="0.053"/>
  <testcase classname="com.coherent.aqa.java.training.api.matveenko.RestAssuredTests" name="createUserWithAvailableZipCode" time="0.232"/>
  <testcase classname="com.coherent.aqa.java.training.api.matveenko.RestAssuredTests" name="updateUsersTest" time="0.124"/>
  <testcase classname="com.coherent.aqa.java.training.api.matveenko.RestAssuredTests" name="deleteUser" time="0.08"/>
  <testcase classname="com.coherent.aqa.java.training.api.matveenko.RestAssuredTests" name="uploadUsers" time="0.346"/>
  <testcase classname="com.coherent.aqa.java.training.api.matveenko.TokenTests" name="getUsersTest" time="0.18"/>
  <testcase classname="com.coherent.aqa.java.training.api.matveenko.TokenTests" name="getWriteTokenTest" time="0.019"/>
  <testcase classname="com.coherent.aqa.java.training.api.matveenko.TokenTests" name="postZipCodes" time="0.036"/>
  <testcase classname="com.coherent.aqa.java.training.api.matveenko.TokenTests" name="getReadTokenTest" time="0.018"/>
  <testcase classname="com.coherent.aqa.java.training.api.matveenko.TokenTests" name="getZipCodes" time="0.027"/>
  <testcase classname="com.coherent.aqa.java.training.api.matveenko.TokenTests" name="createUserWithAvailableZipCode" time="0.061"/>
  <testcase classname="com.coherent.aqa.java.training.api.matveenko.TokenTests" name="updateUsersTest" time="0.061">
    <failure type="java.lang.AssertionError" message="Users are not updated expected [true] but found [false]">
      <![CDATA[java.lang.AssertionError: Users are not updated expected [true] but found [false]
at com.coherent.aqa.java.training.api.matveenko.TokenTests.updateUsersTest(TokenTests.java:196)
at java.base/java.util.ArrayList.forEach(ArrayList.java:1541)
... Removed 35 stack frames]]>
    </failure>
  </testcase> <!-- updateUsersTest -->
  <testcase classname="com.coherent.aqa.java.training.api.matveenko.TokenTests" name="deleteUser" time="0.066"/>
  <testcase classname="com.coherent.aqa.java.training.api.matveenko.TokenTests" name="uploadUsers" time="0.062"/>
</testsuite> <!-- Surefire test -->
