<?xml version="1.0" encoding="UTF-8"?>
<testng-results ignored="0" total="18" passed="17" failed="1" skipped="0">
  <reporter-output>
  </reporter-output>
  <suite started-at="2024-02-19T10:53:42 CET" name="Surefire suite" finished-at="2024-02-19T10:53:47 CET" duration-ms="5880">
    <groups>
    </groups>
    <test started-at="2024-02-19T10:53:42 CET" name="Surefire test" finished-at="2024-02-19T10:53:47 CET" duration-ms="5880">
      <class name="com.coherent.aqa.java.training.api.matveenko.TokenTests">
        <test-method is-config="true" signature="setUp()[pri:0, instance:com.coherent.aqa.java.training.api.matveenko.TokenTests@3fa7df1]" started-at="2024-02-19T10:53:47 CET" name="setUp" finished-at="2024-02-19T10:53:47 CET" duration-ms="66" status="PASS">
          <reporter-output>
          </reporter-output>
        </test-method> <!-- setUp -->
        <test-method signature="getUsersTest(java.lang.String,java.lang.String)[pri:0, instance:com.coherent.aqa.java.training.api.matveenko.TokenTests@3fa7df1]" started-at="2024-02-19T10:53:47 CET" name="getUsersTest" data-provider="parameters" finished-at="2024-02-19T10:53:47 CET" duration-ms="180" status="PASS">
          <params>
            <param index="0">
              <value>
                <![CDATA[olderThan]]>
              </value>
            </param>
            <param index="1">
              <value>
                <![CDATA[10]]>
              </value>
            </param>
          </params>
          <reporter-output>
          </reporter-output>
        </test-method> <!-- getUsersTest -->
        <test-method signature="getWriteTokenTest()[pri:0, instance:com.coherent.aqa.java.training.api.matveenko.TokenTests@3fa7df1]" started-at="2024-02-19T10:53:47 CET" name="getWriteTokenTest" description="Get Write Token Test" finished-at="2024-02-19T10:53:47 CET" duration-ms="19" status="PASS">
          <reporter-output>
          </reporter-output>
        </test-method> <!-- getWriteTokenTest -->
        <test-method signature="postZipCodes(java.util.List)[pri:0, instance:com.coherent.aqa.java.training.api.matveenko.TokenTests@3fa7df1]" started-at="2024-02-19T10:53:47 CET" name="postZipCodes" data-provider="zipcodes" finished-at="2024-02-19T10:53:47 CET" duration-ms="36" status="PASS">
          <params>
            <param index="0">
              <value>
                <![CDATA[[77777]]]>
              </value>
            </param>
          </params>
          <reporter-output>
          </reporter-output>
        </test-method> <!-- postZipCodes -->
        <test-method signature="getReadTokenTest()[pri:1, instance:com.coherent.aqa.java.training.api.matveenko.TokenTests@3fa7df1]" started-at="2024-02-19T10:53:47 CET" name="getReadTokenTest" description="Get Read Token Test" finished-at="2024-02-19T10:53:47 CET" duration-ms="18" status="PASS">
          <reporter-output>
          </reporter-output>
        </test-method> <!-- getReadTokenTest -->
        <test-method signature="getZipCodes()[pri:2, instance:com.coherent.aqa.java.training.api.matveenko.TokenTests@3fa7df1]" started-at="2024-02-19T10:53:47 CET" name="getZipCodes" description="Get ZipCodes Test" finished-at="2024-02-19T10:53:47 CET" duration-ms="27" status="PASS">
          <reporter-output>
          </reporter-output>
        </test-method> <!-- getZipCodes -->
        <test-method signature="createUserWithAvailableZipCode()[pri:3, instance:com.coherent.aqa.java.training.api.matveenko.TokenTests@3fa7df1]" started-at="2024-02-19T10:53:47 CET" name="createUserWithAvailableZipCode" description="Create User Test" finished-at="2024-02-19T10:53:47 CET" duration-ms="61" status="PASS">
          <reporter-output>
          </reporter-output>
        </test-method> <!-- createUserWithAvailableZipCode -->
        <test-method signature="updateUsersTest()[pri:4, instance:com.coherent.aqa.java.training.api.matveenko.TokenTests@3fa7df1]" started-at="2024-02-19T10:53:47 CET" name="updateUsersTest" description="Update Users Test" finished-at="2024-02-19T10:53:47 CET" duration-ms="61" status="FAIL">
          <exception class="java.lang.AssertionError">
            <message>
              <![CDATA[Users are not updated expected [true] but found [false]]]>
            </message>
            <full-stacktrace>
              <![CDATA[java.lang.AssertionError: Users are not updated expected [true] but found [false]
at org.testng.Assert.fail(Assert.java:111)
at org.testng.Assert.failNotEquals(Assert.java:1578)
at org.testng.Assert.assertTrue(Assert.java:57)
at com.coherent.aqa.java.training.api.matveenko.TokenTests.updateUsersTest(TokenTests.java:196)
at java.base/jdk.internal.reflect.NativeMethodAccessorImpl.invoke0(Native Method)
at java.base/jdk.internal.reflect.NativeMethodAccessorImpl.invoke(NativeMethodAccessorImpl.java:62)
at java.base/jdk.internal.reflect.DelegatingMethodAccessorImpl.invoke(DelegatingMethodAccessorImpl.java:43)
at java.base/java.lang.reflect.Method.invoke(Method.java:566)
at org.testng.internal.invokers.MethodInvocationHelper.invokeMethod(MethodInvocationHelper.java:139)
at org.testng.internal.invokers.TestInvoker.invokeMethod(TestInvoker.java:664)
at org.testng.internal.invokers.TestInvoker.invokeTestMethod(TestInvoker.java:227)
at org.testng.internal.invokers.MethodRunner.runInSequence(MethodRunner.java:50)
at org.testng.internal.invokers.TestInvoker$MethodInvocationAgent.invoke(TestInvoker.java:957)
at org.testng.internal.invokers.TestInvoker.invokeTestMethods(TestInvoker.java:200)
at org.testng.internal.invokers.TestMethodWorker.invokeTestMethods(TestMethodWorker.java:148)
at org.testng.internal.invokers.TestMethodWorker.run(TestMethodWorker.java:128)
at java.base/java.util.ArrayList.forEach(ArrayList.java:1541)
at org.testng.TestRunner.privateRun(TestRunner.java:848)
at org.testng.TestRunner.run(TestRunner.java:621)
at org.testng.SuiteRunner.runTest(SuiteRunner.java:443)
at org.testng.SuiteRunner.runSequentially(SuiteRunner.java:437)
at org.testng.SuiteRunner.privateRun(SuiteRunner.java:397)
at org.testng.SuiteRunner.run(SuiteRunner.java:336)
at org.testng.SuiteRunnerWorker.runSuite(SuiteRunnerWorker.java:52)
at org.testng.SuiteRunnerWorker.run(SuiteRunnerWorker.java:95)
at org.testng.TestNG.runSuitesSequentially(TestNG.java:1280)
at org.testng.TestNG.runSuitesLocally(TestNG.java:1200)
at org.testng.TestNG.runSuites(TestNG.java:1114)
at org.testng.TestNG.run(TestNG.java:1082)
at org.apache.maven.surefire.testng.TestNGExecutor.run(TestNGExecutor.java:155)
at org.apache.maven.surefire.testng.TestNGDirectoryTestSuite.executeMulti(TestNGDirectoryTestSuite.java:169)
at org.apache.maven.surefire.testng.TestNGDirectoryTestSuite.execute(TestNGDirectoryTestSuite.java:88)
at org.apache.maven.surefire.testng.TestNGProvider.invoke(TestNGProvider.java:137)
at org.apache.maven.surefire.booter.ForkedBooter.runSuitesInProcess(ForkedBooter.java:385)
at org.apache.maven.surefire.booter.ForkedBooter.execute(ForkedBooter.java:162)
at org.apache.maven.surefire.booter.ForkedBooter.run(ForkedBooter.java:507)
at org.apache.maven.surefire.booter.ForkedBooter.main(ForkedBooter.java:495)
]]>
            </full-stacktrace>
          </exception> <!-- java.lang.AssertionError -->
          <reporter-output>
          </reporter-output>
        </test-method> <!-- updateUsersTest -->
        <test-method signature="deleteUser()[pri:5, instance:com.coherent.aqa.java.training.api.matveenko.TokenTests@3fa7df1]" started-at="2024-02-19T10:53:47 CET" name="deleteUser" description="Delete Users Test" finished-at="2024-02-19T10:53:47 CET" duration-ms="66" status="PASS">
          <reporter-output>
          </reporter-output>
        </test-method> <!-- deleteUser -->
        <test-method signature="uploadUsers()[pri:6, instance:com.coherent.aqa.java.training.api.matveenko.TokenTests@3fa7df1]" started-at="2024-02-19T10:53:47 CET" name="uploadUsers" description="Upload Users Test" finished-at="2024-02-19T10:53:47 CET" duration-ms="62" status="PASS">
          <reporter-output>
          </reporter-output>
        </test-method> <!-- uploadUsers -->
        <test-method is-config="true" signature="closeHttpClient()[pri:0, instance:com.coherent.aqa.java.training.api.matveenko.TokenTests@3fa7df1]" started-at="2024-02-19T10:53:47 CET" name="closeHttpClient" finished-at="2024-02-19T10:53:47 CET" duration-ms="2" status="PASS">
          <reporter-output>
          </reporter-output>
        </test-method> <!-- closeHttpClient -->
      </class> <!-- com.coherent.aqa.java.training.api.matveenko.TokenTests -->
      <class name="com.coherent.aqa.java.training.api.matveenko.RestAssuredTests">
        <test-method signature="getUsersTest(java.lang.String,java.lang.String)[pri:0, instance:com.coherent.aqa.java.training.api.matveenko.RestAssuredTests@5a97b17c]" started-at="2024-02-19T10:53:42 CET" name="getUsersTest" data-provider="parameters" finished-at="2024-02-19T10:53:46 CET" duration-ms="4052" status="PASS">
          <params>
            <param index="0">
              <value>
                <![CDATA[olderThan]]>
              </value>
            </param>
            <param index="1">
              <value>
                <![CDATA[10]]>
              </value>
            </param>
          </params>
          <reporter-output>
          </reporter-output>
        </test-method> <!-- getUsersTest -->
        <test-method signature="getWriteTokenTest()[pri:0, instance:com.coherent.aqa.java.training.api.matveenko.RestAssuredTests@5a97b17c]" started-at="2024-02-19T10:53:46 CET" name="getWriteTokenTest" description="Get Write Token Test" finished-at="2024-02-19T10:53:46 CET" duration-ms="45" status="PASS">
          <reporter-output>
          </reporter-output>
        </test-method> <!-- getWriteTokenTest -->
        <test-method signature="postZipCodes(java.util.List)[pri:0, instance:com.coherent.aqa.java.training.api.matveenko.RestAssuredTests@5a97b17c]" started-at="2024-02-19T10:53:46 CET" name="postZipCodes" data-provider="zipcodes" finished-at="2024-02-19T10:53:46 CET" duration-ms="104" status="PASS">
          <params>
            <param index="0">
              <value>
                <![CDATA[[77777]]]>
              </value>
            </param>
          </params>
          <reporter-output>
          </reporter-output>
        </test-method> <!-- postZipCodes -->
        <test-method signature="getReadTokenTest()[pri:1, instance:com.coherent.aqa.java.training.api.matveenko.RestAssuredTests@5a97b17c]" started-at="2024-02-19T10:53:46 CET" name="getReadTokenTest" description="Get Read Token Test" finished-at="2024-02-19T10:53:46 CET" duration-ms="31" status="PASS">
          <reporter-output>
          </reporter-output>
        </test-method> <!-- getReadTokenTest -->
        <test-method signature="getZipCodes()[pri:2, instance:com.coherent.aqa.java.training.api.matveenko.RestAssuredTests@5a97b17c]" started-at="2024-02-19T10:53:46 CET" name="getZipCodes" description="Get ZipCodes Test" finished-at="2024-02-19T10:53:46 CET" duration-ms="53" status="PASS">
          <reporter-output>
          </reporter-output>
        </test-method> <!-- getZipCodes -->
        <test-method signature="createUserWithAvailableZipCode()[pri:3, instance:com.coherent.aqa.java.training.api.matveenko.RestAssuredTests@5a97b17c]" started-at="2024-02-19T10:53:46 CET" name="createUserWithAvailableZipCode" description="Create User Test" finished-at="2024-02-19T10:53:46 CET" duration-ms="232" status="PASS">
          <reporter-output>
          </reporter-output>
        </test-method> <!-- createUserWithAvailableZipCode -->
        <test-method signature="updateUsersTest()[pri:4, instance:com.coherent.aqa.java.training.api.matveenko.RestAssuredTests@5a97b17c]" started-at="2024-02-19T10:53:46 CET" name="updateUsersTest" description="Update Users Test" finished-at="2024-02-19T10:53:46 CET" duration-ms="124" status="PASS">
          <reporter-output>
          </reporter-output>
        </test-method> <!-- updateUsersTest -->
        <test-method signature="deleteUser()[pri:5, instance:com.coherent.aqa.java.training.api.matveenko.RestAssuredTests@5a97b17c]" started-at="2024-02-19T10:53:46 CET" name="deleteUser" description="Delete Users Test" finished-at="2024-02-19T10:53:46 CET" duration-ms="80" status="PASS">
          <reporter-output>
          </reporter-output>
        </test-method> <!-- deleteUser -->
        <test-method signature="uploadUsers()[pri:6, instance:com.coherent.aqa.java.training.api.matveenko.RestAssuredTests@5a97b17c]" started-at="2024-02-19T10:53:46 CET" name="uploadUsers" description="Upload Users Test" finished-at="2024-02-19T10:53:47 CET" duration-ms="346" status="PASS">
          <reporter-output>
          </reporter-output>
        </test-method> <!-- uploadUsers -->
      </class> <!-- com.coherent.aqa.java.training.api.matveenko.RestAssuredTests -->
    </test> <!-- Surefire test -->
  </suite> <!-- Surefire suite -->
</testng-results>
