<?xml version="1.0" encoding="UTF-8"?>
<testsuite xmlns:xsi="http://www.w3.org/2001/XMLSchema-instance" xsi:noNamespaceSchemaLocation="https://maven.apache.org/surefire/maven-surefire-plugin/xsd/surefire-test-report-3.0.xsd" version="3.0" name="com.coherent.aqa.java.training.api.matveenko.TokenTests" time="6.034" tests="9" errors="0" skipped="0" failures="1">
  <properties>
[...]
</properties>
  <testcase name="getUsersTest[olderThan, 10](1)" classname="com.coherent.aqa.java.training.api.matveenko.TokenTests" time="1.366">
    <system-out><![CDATA[10:27:57.921 [main] INFO  com.coherent.aqa.java.training.api.matveenko.token.LoggingRequestInterceptor - 
===========================request begin================================================

POST
/oauth/token
HTTP/1.1

--WMFOB0n9GUHgFDBRPzxMJ3BCJsfnpUQbG4M2fo3
Content-Disposition: form-data; name="grant_type"
Content-Type: text/plain; charset=ISO-8859-1
Content-Transfer-Encoding: 8bit

client_credentials
--WMFOB0n9GUHgFDBRPzxMJ3BCJsfnpUQbG4M2fo3
Content-Disposition: form-data; name="scope"
Content-Type: text/plain; charset=ISO-8859-1
Content-Transfer-Encoding: 8bit

read
--WMFOB0n9GUHgFDBRPzxMJ3BCJsfnpUQbG4M2fo3--


===========================request end==================================================

10:27:58.098 [main] INFO  com.coherent.aqa.java.training.api.matveenko.token.LoggingResponseInterceptor - 
============================response begin==============================================

HTTP/1.1 200 
Cache-Control: no-store
Pragma: no-cache
X-Content-Type-Options: nosniff
X-XSS-Protection: 1; mode=block
X-Frame-Options: DENY
Content-Type: application/json;charset=UTF-8
Transfer-Encoding: chunked
Date: Thu, 18 Jan 2024 09:27:58 GMT
Keep-Alive: timeout=60
Connection: keep-alive

{"access_token":"5d743cbd-f980-45aa-9415-ea7bcb7cd12a","token_type":"bearer","expires_in":43084,"scope":"read"}

==========================response end===============================================
10:27:58.907 [main] INFO  com.coherent.aqa.java.training.api.matveenko.token.LoggingRequestInterceptor - 
===========================request begin================================================

GET
/users?olderThan=10
HTTP/1.1
Authorization: Bearer 5d743cbd-f980-45aa-9415-ea7bcb7cd12a

Empty entity

===========================request end==================================================

10:27:58.940 [main] INFO  com.coherent.aqa.java.training.api.matveenko.token.LoggingResponseInterceptor - 
============================response begin==============================================

HTTP/1.1 200 
X-Content-Type-Options: nosniff
X-XSS-Protection: 1; mode=block
Cache-Control: no-cache, no-store, max-age=0, must-revalidate
Pragma: no-cache
Expires: 0
X-Frame-Options: DENY
Content-Type: application/json
Transfer-Encoding: chunked
Date: Thu, 18 Jan 2024 09:27:58 GMT
Keep-Alive: timeout=60
Connection: keep-alive

[{"name":"Melony","age":41,"sex":"MALE","zipCode":"ABCDE"},{"name":"Valene","age":80,"sex":"FEMALE","zipCode":"77777"}]

==========================response end===============================================
]]></system-out>
  </testcase>
  <testcase name="getZipCodes" classname="com.coherent.aqa.java.training.api.matveenko.TokenTests" time="0.061">
    <system-out><![CDATA[10:27:59.119 [main] INFO  com.coherent.aqa.java.training.api.matveenko.token.LoggingRequestInterceptor - 
===========================request begin================================================

POST
/oauth/token
HTTP/1.1

--xKhH1368Y32a_f3dD-AhzK8Poxuh9W4X
Content-Disposition: form-data; name="grant_type"
Content-Type: text/plain; charset=ISO-8859-1
Content-Transfer-Encoding: 8bit

client_credentials
--xKhH1368Y32a_f3dD-AhzK8Poxuh9W4X
Content-Disposition: form-data; name="scope"
Content-Type: text/plain; charset=ISO-8859-1
Content-Transfer-Encoding: 8bit

read
--xKhH1368Y32a_f3dD-AhzK8Poxuh9W4X--


===========================request end==================================================

10:27:59.141 [main] INFO  com.coherent.aqa.java.training.api.matveenko.token.LoggingResponseInterceptor - 
============================response begin==============================================

HTTP/1.1 200 
Cache-Control: no-store
Pragma: no-cache
X-Content-Type-Options: nosniff
X-XSS-Protection: 1; mode=block
X-Frame-Options: DENY
Content-Type: application/json;charset=UTF-8
Transfer-Encoding: chunked
Date: Thu, 18 Jan 2024 09:27:59 GMT
Keep-Alive: timeout=60
Connection: keep-alive

{"access_token":"5d743cbd-f980-45aa-9415-ea7bcb7cd12a","token_type":"bearer","expires_in":43083,"scope":"read"}

==========================response end===============================================
10:27:59.149 [main] INFO  com.coherent.aqa.java.training.api.matveenko.token.LoggingRequestInterceptor - 
===========================request begin================================================

GET
/zip-codes
HTTP/1.1
Authorization: Bearer 5d743cbd-f980-45aa-9415-ea7bcb7cd12a

Empty entity

===========================request end==================================================

10:27:59.157 [main] INFO  com.coherent.aqa.java.training.api.matveenko.token.LoggingResponseInterceptor - 
============================response begin==============================================

HTTP/1.1 201 
X-Content-Type-Options: nosniff
X-XSS-Protection: 1; mode=block
Cache-Control: no-cache, no-store, max-age=0, must-revalidate
Pragma: no-cache
Expires: 0
X-Frame-Options: DENY
Content-Type: application/json
Transfer-Encoding: chunked
Date: Thu, 18 Jan 2024 09:27:59 GMT
Keep-Alive: timeout=60
Connection: keep-alive

["23456"]

==========================response end===============================================
]]></system-out>
  </testcase>
  <testcase name="postZipCodes[[77777]](1)" classname="com.coherent.aqa.java.training.api.matveenko.TokenTests" time="0.074">
    <system-out><![CDATA[10:27:59.182 [main] INFO  com.coherent.aqa.java.training.api.matveenko.token.LoggingRequestInterceptor - 
===========================request begin================================================

POST
/oauth/token
HTTP/1.1

--5_vUxggtCa6OTSxZw6turM2nDbA148eaYMtBfBp
Content-Disposition: form-data; name="grant_type"
Content-Type: text/plain; charset=ISO-8859-1
Content-Transfer-Encoding: 8bit

client_credentials
--5_vUxggtCa6OTSxZw6turM2nDbA148eaYMtBfBp
Content-Disposition: form-data; name="scope"
Content-Type: text/plain; charset=ISO-8859-1
Content-Transfer-Encoding: 8bit

write
--5_vUxggtCa6OTSxZw6turM2nDbA148eaYMtBfBp--


===========================request end==================================================

10:27:59.210 [main] INFO  com.coherent.aqa.java.training.api.matveenko.token.LoggingResponseInterceptor - 
============================response begin==============================================

HTTP/1.1 200 
Cache-Control: no-store
Pragma: no-cache
X-Content-Type-Options: nosniff
X-XSS-Protection: 1; mode=block
X-Frame-Options: DENY
Content-Type: application/json;charset=UTF-8
Transfer-Encoding: chunked
Date: Thu, 18 Jan 2024 09:27:59 GMT
Keep-Alive: timeout=60
Connection: keep-alive

{"access_token":"ba8c0f9b-057f-458c-9416-2dfd30cae994","token_type":"bearer","expires_in":43084,"scope":"write"}

==========================response end===============================================
10:27:59.228 [main] INFO  com.coherent.aqa.java.training.api.matveenko.token.LoggingRequestInterceptor - 
===========================request begin================================================

POST
/zip-codes/expand
HTTP/1.1
Authorization: Bearer ba8c0f9b-057f-458c-9416-2dfd30cae994

["77777"]

===========================request end==================================================

10:27:59.244 [main] INFO  com.coherent.aqa.java.training.api.matveenko.token.LoggingResponseInterceptor - 
============================response begin==============================================

HTTP/1.1 201 
X-Content-Type-Options: nosniff
X-XSS-Protection: 1; mode=block
Cache-Control: no-cache, no-store, max-age=0, must-revalidate
Pragma: no-cache
Expires: 0
X-Frame-Options: DENY
Content-Type: application/json
Transfer-Encoding: chunked
Date: Thu, 18 Jan 2024 09:27:59 GMT
Keep-Alive: timeout=60
Connection: keep-alive

["23456","77777"]

==========================response end===============================================
]]></system-out>
  </testcase>
  <testcase name="uploadUsers" classname="com.coherent.aqa.java.training.api.matveenko.TokenTests" time="0.484">
    <system-out><![CDATA[10:27:59.256 [main] INFO  com.coherent.aqa.java.training.api.matveenko.token.LoggingRequestInterceptor - 
===========================request begin================================================

POST
/oauth/token
HTTP/1.1

--JuKsVaX8hXBNiGce68PDPqJvzH0Szr6Ynm
Content-Disposition: form-data; name="grant_type"
Content-Type: text/plain; charset=ISO-8859-1
Content-Transfer-Encoding: 8bit

client_credentials
--JuKsVaX8hXBNiGce68PDPqJvzH0Szr6Ynm
Content-Disposition: form-data; name="scope"
Content-Type: text/plain; charset=ISO-8859-1
Content-Transfer-Encoding: 8bit

read
--JuKsVaX8hXBNiGce68PDPqJvzH0Szr6Ynm--


===========================request end==================================================

10:27:59.278 [main] INFO  com.coherent.aqa.java.training.api.matveenko.token.LoggingResponseInterceptor - 
============================response begin==============================================

HTTP/1.1 200 
Cache-Control: no-store
Pragma: no-cache
X-Content-Type-Options: nosniff
X-XSS-Protection: 1; mode=block
X-Frame-Options: DENY
Content-Type: application/json;charset=UTF-8
Transfer-Encoding: chunked
Date: Thu, 18 Jan 2024 09:27:59 GMT
Keep-Alive: timeout=60
Connection: keep-alive

{"access_token":"5d743cbd-f980-45aa-9415-ea7bcb7cd12a","token_type":"bearer","expires_in":43083,"scope":"read"}

==========================response end===============================================
10:27:59.281 [main] INFO  com.coherent.aqa.java.training.api.matveenko.token.LoggingRequestInterceptor - 
===========================request begin================================================

GET
/zip-codes
HTTP/1.1
Authorization: Bearer 5d743cbd-f980-45aa-9415-ea7bcb7cd12a

Empty entity

===========================request end==================================================

10:27:59.289 [main] INFO  com.coherent.aqa.java.training.api.matveenko.token.LoggingResponseInterceptor - 
============================response begin==============================================

HTTP/1.1 201 
X-Content-Type-Options: nosniff
X-XSS-Protection: 1; mode=block
Cache-Control: no-cache, no-store, max-age=0, must-revalidate
Pragma: no-cache
Expires: 0
X-Frame-Options: DENY
Content-Type: application/json
Transfer-Encoding: chunked
Date: Thu, 18 Jan 2024 09:27:59 GMT
Keep-Alive: timeout=60
Connection: keep-alive

["23456","77777"]

==========================response end===============================================
10:27:59.294 [main] INFO  com.coherent.aqa.java.training.api.matveenko.token.LoggingRequestInterceptor - 
===========================request begin================================================

POST
/oauth/token
HTTP/1.1

--6N5eL_YKJAn6nwF9cFuHDJFcjvYGKj
Content-Disposition: form-data; name="grant_type"
Content-Type: text/plain; charset=ISO-8859-1
Content-Transfer-Encoding: 8bit

client_credentials
--6N5eL_YKJAn6nwF9cFuHDJFcjvYGKj
Content-Disposition: form-data; name="scope"
Content-Type: text/plain; charset=ISO-8859-1
Content-Transfer-Encoding: 8bit

write
--6N5eL_YKJAn6nwF9cFuHDJFcjvYGKj--


===========================request end==================================================

10:27:59.322 [main] INFO  com.coherent.aqa.java.training.api.matveenko.token.LoggingResponseInterceptor - 
============================response begin==============================================

HTTP/1.1 200 
Cache-Control: no-store
Pragma: no-cache
X-Content-Type-Options: nosniff
X-XSS-Protection: 1; mode=block
X-Frame-Options: DENY
Content-Type: application/json;charset=UTF-8
Transfer-Encoding: chunked
Date: Thu, 18 Jan 2024 09:27:59 GMT
Keep-Alive: timeout=60
Connection: keep-alive

{"access_token":"ba8c0f9b-057f-458c-9416-2dfd30cae994","token_type":"bearer","expires_in":43084,"scope":"write"}

==========================response end===============================================
10:27:59.718 [main] INFO  com.coherent.aqa.java.training.api.matveenko.token.LoggingRequestInterceptor - 
===========================request begin================================================

POST
/users/upload
HTTP/1.1
Authorization: Bearer ba8c0f9b-057f-458c-9416-2dfd30cae994

--mTYP1UbFb7nLgulj7ZrVv7eTd9839qsb18_mw
Content-Disposition: form-data; name="file"; filename="output.json"
Content-Type: application/octet-stream
Content-Transfer-Encoding: binary

[{"age":72,"name":"Valentin","sex":"FEMALE","zipCode":"23456"},{"age":40,"name":"Jenette","sex":"MALE","zipCode":"77777"}]
--mTYP1UbFb7nLgulj7ZrVv7eTd9839qsb18_mw--


===========================request end==================================================

10:27:59.732 [main] INFO  com.coherent.aqa.java.training.api.matveenko.token.LoggingResponseInterceptor - 
============================response begin==============================================

HTTP/1.1 201 
X-Content-Type-Options: nosniff
X-XSS-Protection: 1; mode=block
Cache-Control: no-cache, no-store, max-age=0, must-revalidate
Pragma: no-cache
Expires: 0
X-Frame-Options: DENY
Content-Type: application/json
Content-Length: 19
Date: Thu, 18 Jan 2024 09:27:59 GMT
Keep-Alive: timeout=60
Connection: keep-alive

Number of users = 2

==========================response end===============================================
]]></system-out>
  </testcase>
  <testcase name="createUserWithAvailableZipCode" classname="com.coherent.aqa.java.training.api.matveenko.TokenTests" time="0.083">
    <system-out><![CDATA[10:27:59.741 [main] INFO  com.coherent.aqa.java.training.api.matveenko.token.LoggingRequestInterceptor - 
===========================request begin================================================

POST
/oauth/token
HTTP/1.1

--D6riaU42ZGy4e81JHIVaaaATImfKBr2b0Lh2sf
Content-Disposition: form-data; name="grant_type"
Content-Type: text/plain; charset=ISO-8859-1
Content-Transfer-Encoding: 8bit

client_credentials
--D6riaU42ZGy4e81JHIVaaaATImfKBr2b0Lh2sf
Content-Disposition: form-data; name="scope"
Content-Type: text/plain; charset=ISO-8859-1
Content-Transfer-Encoding: 8bit

write
--D6riaU42ZGy4e81JHIVaaaATImfKBr2b0Lh2sf--


===========================request end==================================================

10:27:59.760 [main] INFO  com.coherent.aqa.java.training.api.matveenko.token.LoggingResponseInterceptor - 
============================response begin==============================================

HTTP/1.1 200 
Cache-Control: no-store
Pragma: no-cache
X-Content-Type-Options: nosniff
X-XSS-Protection: 1; mode=block
X-Frame-Options: DENY
Content-Type: application/json;charset=UTF-8
Transfer-Encoding: chunked
Date: Thu, 18 Jan 2024 09:27:59 GMT
Keep-Alive: timeout=60
Connection: keep-alive

{"access_token":"ba8c0f9b-057f-458c-9416-2dfd30cae994","token_type":"bearer","expires_in":43083,"scope":"write"}

==========================response end===============================================
10:27:59.766 [main] INFO  com.coherent.aqa.java.training.api.matveenko.token.LoggingRequestInterceptor - 
===========================request begin================================================

POST
/users
HTTP/1.1
Authorization: Bearer ba8c0f9b-057f-458c-9416-2dfd30cae994

{"age":35,"name":"AM","sex":"FEMALE","zipCode":"23456"}

===========================request end==================================================

10:27:59.774 [main] INFO  com.coherent.aqa.java.training.api.matveenko.token.LoggingResponseInterceptor - 
============================response begin==============================================

HTTP/1.1 201 
X-Content-Type-Options: nosniff
X-XSS-Protection: 1; mode=block
Cache-Control: no-cache, no-store, max-age=0, must-revalidate
Pragma: no-cache
Expires: 0
X-Frame-Options: DENY
Content-Length: 0
Date: Thu, 18 Jan 2024 09:27:59 GMT
Keep-Alive: timeout=60
Connection: keep-alive



==========================response end===============================================
10:27:59.777 [main] INFO  com.coherent.aqa.java.training.api.matveenko.token.LoggingRequestInterceptor - 
===========================request begin================================================

POST
/oauth/token
HTTP/1.1

--h7zvayU_6BJNqhKXOwGuvko0cmUOANf
Content-Disposition: form-data; name="grant_type"
Content-Type: text/plain; charset=ISO-8859-1
Content-Transfer-Encoding: 8bit

client_credentials
--h7zvayU_6BJNqhKXOwGuvko0cmUOANf
Content-Disposition: form-data; name="scope"
Content-Type: text/plain; charset=ISO-8859-1
Content-Transfer-Encoding: 8bit

read
--h7zvayU_6BJNqhKXOwGuvko0cmUOANf--


===========================request end==================================================

10:27:59.795 [main] INFO  com.coherent.aqa.java.training.api.matveenko.token.LoggingResponseInterceptor - 
============================response begin==============================================

HTTP/1.1 200 
Cache-Control: no-store
Pragma: no-cache
X-Content-Type-Options: nosniff
X-XSS-Protection: 1; mode=block
X-Frame-Options: DENY
Content-Type: application/json;charset=UTF-8
Transfer-Encoding: chunked
Date: Thu, 18 Jan 2024 09:27:59 GMT
Keep-Alive: timeout=60
Connection: keep-alive

{"access_token":"5d743cbd-f980-45aa-9415-ea7bcb7cd12a","token_type":"bearer","expires_in":43082,"scope":"read"}

==========================response end===============================================
10:27:59.798 [main] INFO  com.coherent.aqa.java.training.api.matveenko.token.LoggingRequestInterceptor - 
===========================request begin================================================

GET
/zip-codes
HTTP/1.1
Authorization: Bearer 5d743cbd-f980-45aa-9415-ea7bcb7cd12a

Empty entity

===========================request end==================================================

10:27:59.807 [main] INFO  com.coherent.aqa.java.training.api.matveenko.token.LoggingResponseInterceptor - 
============================response begin==============================================

HTTP/1.1 201 
X-Content-Type-Options: nosniff
X-XSS-Protection: 1; mode=block
Cache-Control: no-cache, no-store, max-age=0, must-revalidate
Pragma: no-cache
Expires: 0
X-Frame-Options: DENY
Content-Type: application/json
Transfer-Encoding: chunked
Date: Thu, 18 Jan 2024 09:27:59 GMT
Keep-Alive: timeout=60
Connection: keep-alive

["12345","ABCDE","77777"]

==========================response end===============================================
]]></system-out>
  </testcase>
  <testcase name="deleteUser" classname="com.coherent.aqa.java.training.api.matveenko.TokenTests" time="0.09">
    <system-out><![CDATA[10:27:59.818 [main] INFO  com.coherent.aqa.java.training.api.matveenko.token.LoggingRequestInterceptor - 
===========================request begin================================================

POST
/oauth/token
HTTP/1.1

--mncw2_y71_wS_3iaHcHM8yrGzU4eXq4yjnZ
Content-Disposition: form-data; name="grant_type"
Content-Type: text/plain; charset=ISO-8859-1
Content-Transfer-Encoding: 8bit

client_credentials
--mncw2_y71_wS_3iaHcHM8yrGzU4eXq4yjnZ
Content-Disposition: form-data; name="scope"
Content-Type: text/plain; charset=ISO-8859-1
Content-Transfer-Encoding: 8bit

write
--mncw2_y71_wS_3iaHcHM8yrGzU4eXq4yjnZ--


===========================request end==================================================

10:27:59.837 [main] INFO  com.coherent.aqa.java.training.api.matveenko.token.LoggingResponseInterceptor - 
============================response begin==============================================

HTTP/1.1 200 
Cache-Control: no-store
Pragma: no-cache
X-Content-Type-Options: nosniff
X-XSS-Protection: 1; mode=block
X-Frame-Options: DENY
Content-Type: application/json;charset=UTF-8
Transfer-Encoding: chunked
Date: Thu, 18 Jan 2024 09:27:59 GMT
Keep-Alive: timeout=60
Connection: keep-alive

{"access_token":"ba8c0f9b-057f-458c-9416-2dfd30cae994","token_type":"bearer","expires_in":43083,"scope":"write"}

==========================response end===============================================
[Content-Type: application/json,Content-Length: 55,Chunked: false]
10:27:59.846 [main] INFO  com.coherent.aqa.java.training.api.matveenko.token.LoggingRequestInterceptor - 
===========================request begin================================================

DELETE
/users
HTTP/1.1
Authorization: Bearer ba8c0f9b-057f-458c-9416-2dfd30cae994

{"age":35,"name":"AM","sex":"FEMALE","zipCode":"23456"}

===========================request end==================================================

10:27:59.859 [main] INFO  com.coherent.aqa.java.training.api.matveenko.token.LoggingResponseInterceptor - 
============================response begin==============================================

HTTP/1.1 204 
X-Content-Type-Options: nosniff
X-XSS-Protection: 1; mode=block
Cache-Control: no-cache, no-store, max-age=0, must-revalidate
Pragma: no-cache
Expires: 0
X-Frame-Options: DENY
Date: Thu, 18 Jan 2024 09:27:59 GMT
Keep-Alive: timeout=60
Connection: keep-alive

Empty entity

==========================response end===============================================
10:27:59.862 [main] INFO  com.coherent.aqa.java.training.api.matveenko.token.LoggingRequestInterceptor - 
===========================request begin================================================

POST
/oauth/token
HTTP/1.1

--w6iLg1np-sanc46ojQ--J86PljKFVW0gmtfw
Content-Disposition: form-data; name="grant_type"
Content-Type: text/plain; charset=ISO-8859-1
Content-Transfer-Encoding: 8bit

client_credentials
--w6iLg1np-sanc46ojQ--J86PljKFVW0gmtfw
Content-Disposition: form-data; name="scope"
Content-Type: text/plain; charset=ISO-8859-1
Content-Transfer-Encoding: 8bit

read
--w6iLg1np-sanc46ojQ--J86PljKFVW0gmtfw--


===========================request end==================================================

10:27:59.886 [main] INFO  com.coherent.aqa.java.training.api.matveenko.token.LoggingResponseInterceptor - 
============================response begin==============================================

HTTP/1.1 200 
Cache-Control: no-store
Pragma: no-cache
X-Content-Type-Options: nosniff
X-XSS-Protection: 1; mode=block
X-Frame-Options: DENY
Content-Type: application/json;charset=UTF-8
Transfer-Encoding: chunked
Date: Thu, 18 Jan 2024 09:27:59 GMT
Keep-Alive: timeout=60
Connection: keep-alive

{"access_token":"5d743cbd-f980-45aa-9415-ea7bcb7cd12a","token_type":"bearer","expires_in":43082,"scope":"read"}

==========================response end===============================================
10:27:59.890 [main] INFO  com.coherent.aqa.java.training.api.matveenko.token.LoggingRequestInterceptor - 
===========================request begin================================================

GET
/zip-codes
HTTP/1.1
Authorization: Bearer 5d743cbd-f980-45aa-9415-ea7bcb7cd12a

Empty entity

===========================request end==================================================

10:27:59.899 [main] INFO  com.coherent.aqa.java.training.api.matveenko.token.LoggingResponseInterceptor - 
============================response begin==============================================

HTTP/1.1 201 
X-Content-Type-Options: nosniff
X-XSS-Protection: 1; mode=block
Cache-Control: no-cache, no-store, max-age=0, must-revalidate
Pragma: no-cache
Expires: 0
X-Frame-Options: DENY
Content-Type: application/json
Transfer-Encoding: chunked
Date: Thu, 18 Jan 2024 09:27:59 GMT
Keep-Alive: timeout=60
Connection: keep-alive

["12345","ABCDE","77777","23456"]

==========================response end===============================================
]]></system-out>
  </testcase>
  <testcase name="getReadTokenTest" classname="com.coherent.aqa.java.training.api.matveenko.TokenTests" time="0.025">
    <system-out><![CDATA[10:27:59.910 [main] INFO  com.coherent.aqa.java.training.api.matveenko.token.LoggingRequestInterceptor - 
===========================request begin================================================

POST
/oauth/token
HTTP/1.1

--FkY7pSX0sNfteBLic0PJzhkipGFrvwAnYkAoR78
Content-Disposition: form-data; name="grant_type"
Content-Type: text/plain; charset=ISO-8859-1
Content-Transfer-Encoding: 8bit

client_credentials
--FkY7pSX0sNfteBLic0PJzhkipGFrvwAnYkAoR78
Content-Disposition: form-data; name="scope"
Content-Type: text/plain; charset=ISO-8859-1
Content-Transfer-Encoding: 8bit

read
--FkY7pSX0sNfteBLic0PJzhkipGFrvwAnYkAoR78--


===========================request end==================================================

10:27:59.931 [main] INFO  com.coherent.aqa.java.training.api.matveenko.token.LoggingResponseInterceptor - 
============================response begin==============================================

HTTP/1.1 200 
Cache-Control: no-store
Pragma: no-cache
X-Content-Type-Options: nosniff
X-XSS-Protection: 1; mode=block
X-Frame-Options: DENY
Content-Type: application/json;charset=UTF-8
Transfer-Encoding: chunked
Date: Thu, 18 Jan 2024 09:27:59 GMT
Keep-Alive: timeout=60
Connection: keep-alive

{"access_token":"5d743cbd-f980-45aa-9415-ea7bcb7cd12a","token_type":"bearer","expires_in":43082,"scope":"read"}

==========================response end===============================================
]]></system-out>
  </testcase>
  <testcase name="getWriteTokenTest" classname="com.coherent.aqa.java.training.api.matveenko.TokenTests" time="0.028">
    <system-out><![CDATA[10:27:59.940 [main] INFO  com.coherent.aqa.java.training.api.matveenko.token.LoggingRequestInterceptor - 
===========================request begin================================================

POST
/oauth/token
HTTP/1.1

--cTl5yTp29ktpWMNnZFutnzniIfksKCX
Content-Disposition: form-data; name="grant_type"
Content-Type: text/plain; charset=ISO-8859-1
Content-Transfer-Encoding: 8bit

client_credentials
--cTl5yTp29ktpWMNnZFutnzniIfksKCX
Content-Disposition: form-data; name="scope"
Content-Type: text/plain; charset=ISO-8859-1
Content-Transfer-Encoding: 8bit

write
--cTl5yTp29ktpWMNnZFutnzniIfksKCX--


===========================request end==================================================

10:27:59.963 [main] INFO  com.coherent.aqa.java.training.api.matveenko.token.LoggingResponseInterceptor - 
============================response begin==============================================

HTTP/1.1 200 
Cache-Control: no-store
Pragma: no-cache
X-Content-Type-Options: nosniff
X-XSS-Protection: 1; mode=block
X-Frame-Options: DENY
Content-Type: application/json;charset=UTF-8
Transfer-Encoding: chunked
Date: Thu, 18 Jan 2024 09:27:59 GMT
Keep-Alive: timeout=60
Connection: keep-alive

{"access_token":"ba8c0f9b-057f-458c-9416-2dfd30cae994","token_type":"bearer","expires_in":43083,"scope":"write"}

==========================response end===============================================
]]></system-out>
  </testcase>
  <testcase name="updateUsersTest" classname="com.coherent.aqa.java.training.api.matveenko.TokenTests" time="0.082">
    <failure message="Users are not updated expected [200] but found [400]" type="java.lang.AssertionError"><![CDATA[java.lang.AssertionError: Users are not updated expected [200] but found [400]
	at org.testng.Assert.fail(Assert.java:111)
	at org.testng.Assert.failNotEquals(Assert.java:1578)
	at org.testng.Assert.assertEqualsImpl(Assert.java:150)
	at org.testng.Assert.assertEquals(Assert.java:132)
	at org.testng.Assert.assertEquals(Assert.java:1419)
	at org.testng.Assert.assertEquals(Assert.java:1383)
	at com.coherent.aqa.java.training.api.matveenko.base.UserHttpClient.executeUpdateUserRequest(UserHttpClient.java:114)
	at com.coherent.aqa.java.training.api.matveenko.TokenTests.updateUsersTest(TokenTests.java:189)
	at java.base/jdk.internal.reflect.NativeMethodAccessorImpl.invoke0(Native Method)
	at java.base/jdk.internal.reflect.NativeMethodAccessorImpl.invoke(NativeMethodAccessorImpl.java:62)
	at java.base/jdk.internal.reflect.DelegatingMethodAccessorImpl.invoke(DelegatingMethodAccessorImpl.java:43)
	at java.base/java.lang.reflect.Method.invoke(Method.java:566)
	at org.testng.internal.invokers.MethodInvocationHelper.invokeMethod(MethodInvocationHelper.java:139)
	at org.testng.internal.invokers.TestInvoker.invokeMethod(TestInvoker.java:664)
	at org.testng.internal.invokers.TestInvoker.invokeTestMethod(TestInvoker.java:227)
	at org.testng.internal.invokers.MethodRunner.runInSequence(MethodRunner.java:50)
	at org.testng.internal.invokers.TestInvoker$MethodInvocationAgent.invoke(TestInvoker.java:957)
	at org.testng.internal.invokers.TestInvoker.invokeTestMethods(TestInvoker.java:200)
	at org.testng.internal.invokers.TestMethodWorker.invokeTestMethods(TestMethodWorker.java:148)
	at org.testng.internal.invokers.TestMethodWorker.run(TestMethodWorker.java:128)
	at java.base/java.util.ArrayList.forEach(ArrayList.java:1541)
	at org.testng.TestRunner.privateRun(TestRunner.java:848)
	at org.testng.TestRunner.run(TestRunner.java:621)
	at org.testng.SuiteRunner.runTest(SuiteRunner.java:443)
	at org.testng.SuiteRunner.runSequentially(SuiteRunner.java:437)
	at org.testng.SuiteRunner.privateRun(SuiteRunner.java:397)
	at org.testng.SuiteRunner.run(SuiteRunner.java:336)
	at org.testng.SuiteRunnerWorker.runSuite(SuiteRunnerWorker.java:52)
	at org.testng.SuiteRunnerWorker.run(SuiteRunnerWorker.java:95)
	at org.testng.TestNG.runSuitesSequentially(TestNG.java:1280)
	at org.testng.TestNG.runSuitesLocally(TestNG.java:1200)
	at org.testng.TestNG.runSuites(TestNG.java:1114)
	at org.testng.TestNG.run(TestNG.java:1082)
	at org.apache.maven.surefire.testng.TestNGExecutor.run(TestNGExecutor.java:155)
	at org.apache.maven.surefire.testng.TestNGDirectoryTestSuite.executeSingleClass(TestNGDirectoryTestSuite.java:102)
	at org.apache.maven.surefire.testng.TestNGDirectoryTestSuite.execute(TestNGDirectoryTestSuite.java:91)
	at org.apache.maven.surefire.testng.TestNGProvider.invoke(TestNGProvider.java:137)
	at org.apache.maven.surefire.booter.ForkedBooter.runSuitesInProcess(ForkedBooter.java:385)
	at org.apache.maven.surefire.booter.ForkedBooter.execute(ForkedBooter.java:162)
	at org.apache.maven.surefire.booter.ForkedBooter.run(ForkedBooter.java:507)
	at org.apache.maven.surefire.booter.ForkedBooter.main(ForkedBooter.java:495)
]]></failure>
    <system-out><![CDATA[10:27:59.972 [main] INFO  com.coherent.aqa.java.training.api.matveenko.token.LoggingRequestInterceptor - 
===========================request begin================================================

POST
/oauth/token
HTTP/1.1

--XLQRPZooWGU3rGDpZQaBjbo4x2JVEmZNeUZ0
Content-Disposition: form-data; name="grant_type"
Content-Type: text/plain; charset=ISO-8859-1
Content-Transfer-Encoding: 8bit

client_credentials
--XLQRPZooWGU3rGDpZQaBjbo4x2JVEmZNeUZ0
Content-Disposition: form-data; name="scope"
Content-Type: text/plain; charset=ISO-8859-1
Content-Transfer-Encoding: 8bit

write
--XLQRPZooWGU3rGDpZQaBjbo4x2JVEmZNeUZ0--


===========================request end==================================================

10:27:59.990 [main] INFO  com.coherent.aqa.java.training.api.matveenko.token.LoggingResponseInterceptor - 
============================response begin==============================================

HTTP/1.1 200 
Cache-Control: no-store
Pragma: no-cache
X-Content-Type-Options: nosniff
X-XSS-Protection: 1; mode=block
X-Frame-Options: DENY
Content-Type: application/json;charset=UTF-8
Transfer-Encoding: chunked
Date: Thu, 18 Jan 2024 09:27:59 GMT
Keep-Alive: timeout=60
Connection: keep-alive

{"access_token":"ba8c0f9b-057f-458c-9416-2dfd30cae994","token_type":"bearer","expires_in":43083,"scope":"write"}

==========================response end===============================================
10:28:00.001 [main] INFO  com.coherent.aqa.java.training.api.matveenko.token.LoggingRequestInterceptor - 
===========================request begin================================================

PATCH
/users
HTTP/1.1
Authorization: Bearer ba8c0f9b-057f-458c-9416-2dfd30cae994

{"userNewValues":{"age":35,"name":"AM","sex":"FEMALE","zipCode":"ABCDE"},"userToChange":{"age":35,"name":"AM","sex":"FEMALE","zipCode":"23456"}}

===========================request end==================================================

10:28:00.011 [main] INFO  com.coherent.aqa.java.training.api.matveenko.token.LoggingResponseInterceptor - 
============================response begin==============================================

HTTP/1.1 400 
X-Content-Type-Options: nosniff
X-XSS-Protection: 1; mode=block
Cache-Control: no-cache, no-store, max-age=0, must-revalidate
Pragma: no-cache
Expires: 0
X-Frame-Options: DENY
Content-Type: application/json
Transfer-Encoding: chunked
Date: Thu, 18 Jan 2024 09:27:59 GMT
Connection: close

{"ts":1705570080008,"message":"User to change is not found or is null or new values are null"}

==========================response end===============================================
]]></system-out>
  </testcase>
</testsuite>